[2026-06-03 19:04:21] local.ERROR: The C:\Users\felip\OneDrive\Documentos\Engenharia de Software\Projeto App Finance\fincontrol\bootstrap\cache directory must be present and writable. {"exception":"[object] (Exception(code: 0): The C:\\Users\\felip\\OneDrive\\Documentos\\Engenharia de Software\\Projeto App Finance\\fincontrol\\bootstrap\\cache directory must be present and writable. at C:/Users/felip/OneDrive/Documentos/Engenharia de Software/Projeto App Finance/fincontrol/vendor/laravel/framework/src/Illuminate/Foundation/PackageManifest.php:179)
[stacktrace]
#0 C:/Users/felip/OneDrive/Documentos/Engenharia de Software/Projeto App Finance/fincontrol/vendor/laravel/framework/src/Illuminate/Foundation/PackageManifest.php(132): Illuminate/Foundation/PackageManifest->write(Array)
#1 C:/Users/felip/OneDrive/Documentos/Engenharia de Software/Projeto App Finance/fincontrol/vendor/laravel/framework/src/Illuminate/Foundation/PackageManifest.php(108): Illuminate/Foundation/PackageManifest->build()
#2 C:/Users/felip/OneDrive/Documentos/Engenharia de Software/Projeto App Finance/fincontrol/vendor/laravel/framework/src/Illuminate/Foundation/PackageManifest.php(91): Illuminate/Foundation/PackageManifest->getManifest()
#3 C:/Users/felip/OneDrive/Documentos/Engenharia de Software/Projeto App Finance/fincontrol/vendor/laravel/framework/src/Illuminate/Foundation/PackageManifest.php(80): Illuminate/Foundation/PackageManifest->config('aliases')
#4 C:/Users/felip/OneDrive/Documentos/Engenharia de Software/Projeto App Finance/fincontrol/vendor/laravel/framework/src/Illuminate/Foundation/Bootstrap/RegisterFacades.php(26): Illuminate/Foundation/PackageManifest->aliases()
#5 C:/Users/felip/OneDrive/Documentos/Engenharia de Software/Projeto App Finance/fincontrol/vendor/laravel/framework/src/Illuminate/Foundation/Application.php(342): Illuminate/Foundation/Bootstrap/RegisterFacades->bootstrap(Object(Illuminate/Foundation/Application))
#6 C:/Users/felip/OneDrive/Documentos/Engenharia de Software/Projeto App Finance/fincontrol/vendor/laravel/framework/src/Illuminate/Foundation/Console/Kernel.php(474): Illuminate/Foundation/Application->bootstrapWith(Array)
#7 C:/Users/felip/OneDrive/Documentos/Engenharia de Software/Projeto App Finance/fincontrol/vendor/laravel/framework/src/Illuminate/Foundation/Console/Kernel.php(196): Illuminate/Foundation/Console/Kernel->bootstrap()
#8 C:/Users/felip/OneDrive/Documentos/Engenharia de Software/Projeto App Finance/fincontrol/artisan(24): Illuminate/Foundation/Console/Kernel->handle(Object(Symfony/Component/Console/Input/ArgvInput), Object(Symfony/Component/Console/Output/ConsoleOutput))
#9 {main}
"} 
[2026-06-03 19:05:24] local.ERROR: SQLSTATE[HY000] [2002] Nenhuma conexão pôde ser feita porque a máquina de destino as recusou ativamente (Connection: mysql, SQL: select exists (select 1 from information_schema.tables where table_schema = 'fincontrol' and table_name = 'migrations' and table_type in ('BASE TABLE', 'SYSTEM VERSIONED')) as `exists`) {"exception":"[object] (Illuminate\\Database\\QueryException(code: 2002): SQLSTATE[HY000] [2002] Nenhuma conexão pôde ser feita porque a máquina de destino as recusou ativamente (Connection: mysql, SQL: select exists (select 1 from information_schema.tables where table_schema = 'fincontrol' and table_name = 'migrations' and table_type in ('BASE TABLE', 'SYSTEM VERSIONED')) as `exists`) at C:/Users/felip/OneDrive/Documentos/Engenharia de Software/Projeto App Finance/fincontrol/vendor/laravel/framework/src/Illuminate/Database/Connection.php:825)
[stacktrace]
#0 C:/Users/felip/OneDrive/Documentos/Engenharia de Software/Projeto App Finance/fincontrol/vendor/laravel/framework/src/Illuminate/Database/Connection.php(779): Illuminate/Database/Connection->runQueryCallback('select exists (...', Array, Object(Closure))
#1 C:/Users/felip/OneDrive/Documentos/Engenharia de Software/Projeto App Finance/fincontrol/vendor/laravel/framework/src/Illuminate/Database/Connection.php(398): Illuminate/Database/Connection->run('select exists (...', Array, Object(Closure))
#2 C:/Users/felip/OneDrive/Documentos/Engenharia de Software/Projeto App Finance/fincontrol/vendor/laravel/framework/src/Illuminate/Database/Connection.php(344): Illuminate/Database/Connection->select('select exists (...', Array, true)
#3 C:/Users/felip/OneDrive/Documentos/Engenharia de Software/Projeto App Finance/fincontrol/vendor/laravel/framework/src/Illuminate/Database/Connection.php(361): Illuminate/Database/Connection->selectOne('select exists (...', Array, true)
#4 C:/Users/felip/OneDrive/Documentos/Engenharia de Software/Projeto App Finance/fincontrol/vendor/laravel/framework/src/Illuminate/Database/Schema/MySqlBuilder.php(45): Illuminate/Database/Connection->scalar('select exists (...')
#5 C:/Users/felip/OneDrive/Documentos/Engenharia de Software/Projeto App Finance/fincontrol/vendor/laravel/framework/src/Illuminate/Database/Migrations/DatabaseMigrationRepository.php(184): Illuminate/Database/Schema/MySqlBuilder->hasTable('migrations')
#6 C:/Users/felip/OneDrive/Documentos/Engenharia de Software/Projeto App Finance/fincontrol/vendor/laravel/framework/src/Illuminate/Database/Migrations/Migrator.php(742): Illuminate/Database/Migrations/DatabaseMigrationRepository->repositoryExists()
#7 C:/Users/felip/OneDrive/Documentos/Engenharia de Software/Projeto App Finance/fincontrol/vendor/laravel/framework/src/Illuminate/Database/Console/Migrations/MigrateCommand.php(165): Illuminate/Database/Migrations/Migrator->repositoryExists()
#8 C:/Users/felip/OneDrive/Documentos/Engenharia de Software/Projeto App Finance/fincontrol/vendor/laravel/framework/src/Illuminate/Support/helpers.php(338): Illuminate/Database/Console/Migrations/MigrateCommand->Illuminate/Database/Console/Migrations/{closure}(1)
#9 C:/Users/felip/OneDrive/Documentos/Engenharia de Software/Projeto App Finance/fincontrol/vendor/laravel/framework/src/Illuminate/Database/Console/Migrations/MigrateCommand.php(165): retry(1, Object(Closure), 0, Object(Closure))
#10 C:/Users/felip/OneDrive/Documentos/Engenharia de Software/Projeto App Finance/fincontrol/vendor/laravel/framework/src/Illuminate/Database/Console/Migrations/MigrateCommand.php(141): Illuminate/Database/Console/Migrations/MigrateCommand->repositoryExists()
#11 C:/Users/felip/OneDrive/Documentos/Engenharia de Software/Projeto App Finance/fincontrol/vendor/laravel/framework/src/Illuminate/Database/Console/Migrations/MigrateCommand.php(111): Illuminate/Database/Console/Migrations/MigrateCommand->prepareDatabase()
#12 C:/Users/felip/OneDrive/Documentos/Engenharia de Software/Projeto App Finance/fincontrol/vendor/laravel/framework/src/Illuminate/Database/Migrations/Migrator.php(658): Illuminate/Database/Console/Migrations/MigrateCommand->Illuminate/Database/Console/Migrations/{closure}()
#13 C:/Users/felip/OneDrive/Documentos/Engenharia de Software/Projeto App Finance/fincontrol/vendor/laravel/framework/src/Illuminate/Database/Console/Migrations/MigrateCommand.php(110): Illuminate/Database/Migrations/Migrator->usingConnection(NULL, Object(Closure))
#14 C:/Users/felip/OneDrive/Documentos/Engenharia de Software/Projeto App Finance/fincontrol/vendor/laravel/framework/src/Illuminate/Database/Console/Migrations/MigrateCommand.php(89): Illuminate/Database/Console/Migrations/MigrateCommand->runMigrations()
#15 C:/Users/felip/OneDrive/Documentos/Engenharia de Software/Projeto App Finance/fincontrol/vendor/laravel/framework/src/Illuminate/Container/BoundMethod.php(36): Illuminate/Database/Console/Migrations/MigrateCommand->handle()
#16 C:/Users/felip/OneDrive/Documentos/Engenharia de Software/Projeto App Finance/fincontrol/vendor/laravel/framework/src/Illuminate/Container/Util.php(43): Illuminate/Container/BoundMethod::Illuminate/Container/{closure}()
#17 C:/Users/felip/OneDrive/Documentos/Engenharia de Software/Projeto App Finance/fincontrol/vendor/laravel/framework/src/Illuminate/Container/BoundMethod.php(95): Illuminate/Container/Util::unwrapIfClosure(Object(Closure))
#18 C:/Users/felip/OneDrive/Documentos/Engenharia de Software/Projeto App Finance/fincontrol/vendor/laravel/framework/src/Illuminate/Container/BoundMethod.php(35): Illuminate/Container/BoundMethod::callBoundMethod(Object(Illuminate/Foundation/Application), Array, Object(Closure))
#19 C:/Users/felip/OneDrive/Documentos/Engenharia de Software/Projeto App Finance/fincontrol/vendor/laravel/framework/src/Illuminate/Container/Container.php(696): Illuminate/Container/BoundMethod::call(Object(Illuminate/Foundation/Application), Array, Array, NULL)
#20 C:/Users/felip/OneDrive/Documentos/Engenharia de Software/Projeto App Finance/fincontrol/vendor/laravel/framework/src/Illuminate/Console/Command.php(213): Illuminate/Container/Container->call(Array)
#21 C:/Users/felip/OneDrive/Documentos/Engenharia de Software/Projeto App Finance/fincontrol/vendor/symfony/console/Command/Command.php(341): Illuminate/Console/Command->execute(Object(Symfony/Component/Console/Input/ArgvInput), Object(Illuminate/Console/OutputStyle))
#22 C:/Users/felip/OneDrive/Documentos/Engenharia de Software/Projeto App Finance/fincontrol/vendor/laravel/framework/src/Illuminate/Console/Command.php(182): Symfony/Component/Console/Command/Command->run(Object(Symfony/Component/Console/Input/ArgvInput), Object(Illuminate/Console/OutputStyle))
#23 C:/Users/felip/OneDrive/Documentos/Engenharia de Software/Projeto App Finance/fincontrol/vendor/symfony/console/Application.php(1117): Illuminate/Console/Command->run(Object(Symfony/Component/Console/Input/ArgvInput), Object(Symfony/Component/Console/Output/ConsoleOutput))
#24 C:/Users/felip/OneDrive/Documentos/Engenharia de Software/Projeto App Finance/fincontrol/vendor/symfony/console/Application.php(356): Symfony/Component/Console/Application->doRunCommand(Object(Illuminate/Database/Console/Migrations/MigrateCommand), Object(Symfony/Component/Console/Input/ArgvInput), Object(Symfony/Component/Console/Output/ConsoleOutput))
#25 C:/Users/felip/OneDrive/Documentos/Engenharia de Software/Projeto App Finance/fincontrol/vendor/symfony/console/Application.php(195): Symfony/Component/Console/Application->doRun(Object(Symfony/Component/Console/Input/ArgvInput), Object(Symfony/Component/Console/Output/ConsoleOutput))
#26 C:/Users/felip/OneDrive/Documentos/Engenharia de Software/Projeto App Finance/fincontrol/vendor/laravel/framework/src/Illuminate/Foundation/Console/Kernel.php(198): Symfony/Component/Console/Application->run(Object(Symfony/Component/Console/Input/ArgvInput), Object(Symfony/Component/Console/Output/ConsoleOutput))
#27 C:/Users/felip/OneDrive/Documentos/Engenharia de Software/Projeto App Finance/fincontrol/artisan(24): Illuminate/Foundation/Console/Kernel->handle(Object(Symfony/Component/Console/Input/ArgvInput), Object(Symfony/Component/Console/Output/ConsoleOutput))
#28 {main}

[previous exception] [object] (PDOException(code: 2002): SQLSTATE[HY000] [2002] Nenhuma conexão pôde ser feita porque a máquina de destino as recusou ativamente at C:/Users/felip/OneDrive/Documentos/Engenharia de Software/Projeto App Finance/fincontrol/vendor/laravel/framework/src/Illuminate/Database/Connectors/Connector.php:66)
[stacktrace]
#0 C:/Users/felip/OneDrive/Documentos/Engenharia de Software/Projeto App Finance/fincontrol/vendor/laravel/framework/src/Illuminate/Database/Connectors/Connector.php(66): PDO->__construct('mysql:host=127....', 'root', Object(SensitiveParameterValue), Array)
#1 C:/Users/felip/OneDrive/Documentos/Engenharia de Software/Projeto App Finance/fincontrol/vendor/laravel/framework/src/Illuminate/Database/Connectors/Connector.php(44): Illuminate/Database/Connectors/Connector->createPdoConnection('mysql:host=127....', 'root', Object(SensitiveParameterValue), Array)
#2 C:/Users/felip/OneDrive/Documentos/Engenharia de Software/Projeto App Finance/fincontrol/vendor/laravel/framework/src/Illuminate/Database/Connectors/MySqlConnector.php(24): Illuminate/Database/Connectors/Connector->createConnection('mysql:host=127....', Array, Array)
#3 C:/Users/felip/OneDrive/Documentos/Engenharia de Software/Projeto App Finance/fincontrol/vendor/laravel/framework/src/Illuminate/Database/Connectors/ConnectionFactory.php(185): Illuminate/Database/Connectors/MySqlConnector->connect(Array)
#4 [internal function]: Illuminate/Database/Connectors/ConnectionFactory->Illuminate/Database/Connectors/{closure}()
#5 C:/Users/felip/OneDrive/Documentos/Engenharia de Software/Projeto App Finance/fincontrol/vendor/laravel/framework/src/Illuminate/Database/Connection.php(1231): call_user_func(Object(Closure))
#6 C:/Users/felip/OneDrive/Documentos/Engenharia de Software/Projeto App Finance/fincontrol/vendor/laravel/framework/src/Illuminate/Database/Connection.php(1267): Illuminate/Database/Connection->getPdo()
#7 C:/Users/felip/OneDrive/Documentos/Engenharia de Software/Projeto App Finance/fincontrol/vendor/laravel/framework/src/Illuminate/Database/Connection.php(512): Illuminate/Database/Connection->getReadPdo()
#8 C:/Users/felip/OneDrive/Documentos/Engenharia de Software/Projeto App Finance/fincontrol/vendor/laravel/framework/src/Illuminate/Database/Connection.php(407): Illuminate/Database/Connection->getPdoForSelect(true)
#9 C:/Users/felip/OneDrive/Documentos/Engenharia de Software/Projeto App Finance/fincontrol/vendor/laravel/framework/src/Illuminate/Database/Connection.php(812): Illuminate/Database/Connection->Illuminate/Database/{closure}('select exists (...', Array)
#10 C:/Users/felip/OneDrive/Documentos/Engenharia de Software/Projeto App Finance/fincontrol/vendor/laravel/framework/src/Illuminate/Database/Connection.php(779): Illuminate/Database/Connection->runQueryCallback('select exists (...', Array, Object(Closure))
#11 C:/Users/felip/OneDrive/Documentos/Engenharia de Software/Projeto App Finance/fincontrol/vendor/laravel/framework/src/Illuminate/Database/Connection.php(398): Illuminate/Database/Connection->run('select exists (...', Array, Object(Closure))
#12 C:/Users/felip/OneDrive/Documentos/Engenharia de Software/Projeto App Finance/fincontrol/vendor/laravel/framework/src/Illuminate/Database/Connection.php(344): Illuminate/Database/Connection->select('select exists (...', Array, true)
#13 C:/Users/felip/OneDrive/Documentos/Engenharia de Software/Projeto App Finance/fincontrol/vendor/laravel/framework/src/Illuminate/Database/Connection.php(361): Illuminate/Database/Connection->selectOne('select exists (...', Array, true)
#14 C:/Users/felip/OneDrive/Documentos/Engenharia de Software/Projeto App Finance/fincontrol/vendor/laravel/framework/src/Illuminate/Database/Schema/MySqlBuilder.php(45): Illuminate/Database/Connection->scalar('select exists (...')
#15 C:/Users/felip/OneDrive/Documentos/Engenharia de Software/Projeto App Finance/fincontrol/vendor/laravel/framework/src/Illuminate/Database/Migrations/DatabaseMigrationRepository.php(184): Illuminate/Database/Schema/MySqlBuilder->hasTable('migrations')
#16 C:/Users/felip/OneDrive/Documentos/Engenharia de Software/Projeto App Finance/fincontrol/vendor/laravel/framework/src/Illuminate/Database/Migrations/Migrator.php(742): Illuminate/Database/Migrations/DatabaseMigrationRepository->repositoryExists()
#17 C:/Users/felip/OneDrive/Documentos/Engenharia de Software/Projeto App Finance/fincontrol/vendor/laravel/framework/src/Illuminate/Database/Console/Migrations/MigrateCommand.php(165): Illuminate/Database/Migrations/Migrator->repositoryExists()
#18 C:/Users/felip/OneDrive/Documentos/Engenharia de Software/Projeto App Finance/fincontrol/vendor/laravel/framework/src/Illuminate/Support/helpers.php(338): Illuminate/Database/Console/Migrations/MigrateCommand->Illuminate/Database/Console/Migrations/{closure}(1)
#19 C:/Users/felip/OneDrive/Documentos/Engenharia de Software/Projeto App Finance/fincontrol/vendor/laravel/framework/src/Illuminate/Database/Console/Migrations/MigrateCommand.php(165): retry(1, Object(Closure), 0, Object(Closure))
#20 C:/Users/felip/OneDrive/Documentos/Engenharia de Software/Projeto App Finance/fincontrol/vendor/laravel/framework/src/Illuminate/Database/Console/Migrations/MigrateCommand.php(141): Illuminate/Database/Console/Migrations/MigrateCommand->repositoryExists()
#21 C:/Users/felip/OneDrive/Documentos/Engenharia de Software/Projeto App Finance/fincontrol/vendor/laravel/framework/src/Illuminate/Database/Console/Migrations/MigrateCommand.php(111): Illuminate/Database/Console/Migrations/MigrateCommand->prepareDatabase()
#22 C:/Users/felip/OneDrive/Documentos/Engenharia de Software/Projeto App Finance/fincontrol/vendor/laravel/framework/src/Illuminate/Database/Migrations/Migrator.php(658): Illuminate/Database/Console/Migrations/MigrateCommand->Illuminate/Database/Console/Migrations/{closure}()
#23 C:/Users/felip/OneDrive/Documentos/Engenharia de Software/Projeto App Finance/fincontrol/vendor/laravel/framework/src/Illuminate/Database/Console/Migrations/MigrateCommand.php(110): Illuminate/Database/Migrations/Migrator->usingConnection(NULL, Object(Closure))
#24 C:/Users/felip/OneDrive/Documentos/Engenharia de Software/Projeto App Finance/fincontrol/vendor/laravel/framework/src/Illuminate/Database/Console/Migrations/MigrateCommand.php(89): Illuminate/Database/Console/Migrations/MigrateCommand->runMigrations()
#25 C:/Users/felip/OneDrive/Documentos/Engenharia de Software/Projeto App Finance/fincontrol/vendor/laravel/framework/src/Illuminate/Container/BoundMethod.php(36): Illuminate/Database/Console/Migrations/MigrateCommand->handle()
#26 C:/Users/felip/OneDrive/Documentos/Engenharia de Software/Projeto App Finance/fincontrol/vendor/laravel/framework/src/Illuminate/Container/Util.php(43): Illuminate/Container/BoundMethod::Illuminate/Container/{closure}()
#27 C:/Users/felip/OneDrive/Documentos/Engenharia de Software/Projeto App Finance/fincontrol/vendor/laravel/framework/src/Illuminate/Container/BoundMethod.php(95): Illuminate/Container/Util::unwrapIfClosure(Object(Closure))
#28 C:/Users/felip/OneDrive/Documentos/Engenharia de Software/Projeto App Finance/fincontrol/vendor/laravel/framework/src/Illuminate/Container/BoundMethod.php(35): Illuminate/Container/BoundMethod::callBoundMethod(Object(Illuminate/Foundation/Application), Array, Object(Closure))
#29 C:/Users/felip/OneDrive/Documentos/Engenharia de Software/Projeto App Finance/fincontrol/vendor/laravel/framework/src/Illuminate/Container/Container.php(696): Illuminate/Container/BoundMethod::call(Object(Illuminate/Foundation/Application), Array, Array, NULL)
#30 C:/Users/felip/OneDrive/Documentos/Engenharia de Software/Projeto App Finance/fincontrol/vendor/laravel/framework/src/Illuminate/Console/Command.php(213): Illuminate/Container/Container->call(Array)
#31 C:/Users/felip/OneDrive/Documentos/Engenharia de Software/Projeto App Finance/fincontrol/vendor/symfony/console/Command/Command.php(341): Illuminate/Console/Command->execute(Object(Symfony/Component/Console/Input/ArgvInput), Object(Illuminate/Console/OutputStyle))
#32 C:/Users/felip/OneDrive/Documentos/Engenharia de Software/Projeto App Finance/fincontrol/vendor/laravel/framework/src/Illuminate/Console/Command.php(182): Symfony/Component/Console/Command/Command->run(Object(Symfony/Component/Console/Input/ArgvInput), Object(Illuminate/Console/OutputStyle))
#33 C:/Users/felip/OneDrive/Documentos/Engenharia de Software/Projeto App Finance/fincontrol/vendor/symfony/console/Application.php(1117): Illuminate/Console/Command->run(Object(Symfony/Component/Console/Input/ArgvInput), Object(Symfony/Component/Console/Output/ConsoleOutput))
#34 C:/Users/felip/OneDrive/Documentos/Engenharia de Software/Projeto App Finance/fincontrol/vendor/symfony/console/Application.php(356): Symfony/Component/Console/Application->doRunCommand(Object(Illuminate/Database/Console/Migrations/MigrateCommand), Object(Symfony/Component/Console/Input/ArgvInput), Object(Symfony/Component/Console/Output/ConsoleOutput))
#35 C:/Users/felip/OneDrive/Documentos/Engenharia de Software/Projeto App Finance/fincontrol/vendor/symfony/console/Application.php(195): Symfony/Component/Console/Application->doRun(Object(Symfony/Component/Console/Input/ArgvInput), Object(Symfony/Component/Console/Output/ConsoleOutput))
#36 C:/Users/felip/OneDrive/Documentos/Engenharia de Software/Projeto App Finance/fincontrol/vendor/laravel/framework/src/Illuminate/Foundation/Console/Kernel.php(198): Symfony/Component/Console/Application->run(Object(Symfony/Component/Console/Input/ArgvInput), Object(Symfony/Component/Console/Output/ConsoleOutput))
#37 C:/Users/felip/OneDrive/Documentos/Engenharia de Software/Projeto App Finance/fincontrol/artisan(24): Illuminate/Foundation/Console/Kernel->handle(Object(Symfony/Component/Console/Input/ArgvInput), Object(Symfony/Component/Console/Output/ConsoleOutput))
#38 {main}
"} 
[2026-06-03 19:06:05] local.ERROR: SQLSTATE[HY000] [2002] Nenhuma conexão pôde ser feita porque a máquina de destino as recusou ativamente (Connection: mysql, SQL: select exists (select 1 from information_schema.tables where table_schema = 'fincontrol' and table_name = 'migrations' and table_type in ('BASE TABLE', 'SYSTEM VERSIONED')) as `exists`) {"exception":"[object] (Illuminate\\Database\\QueryException(code: 2002): SQLSTATE[HY000] [2002] Nenhuma conexão pôde ser feita porque a máquina de destino as recusou ativamente (Connection: mysql, SQL: select exists (select 1 from information_schema.tables where table_schema = 'fincontrol' and table_name = 'migrations' and table_type in ('BASE TABLE', 'SYSTEM VERSIONED')) as `exists`) at C:/Users/felip/OneDrive/Documentos/Engenharia de Software/Projeto App Finance/fincontrol/vendor/laravel/framework/src/Illuminate/Database/Connection.php:825)
[stacktrace]
#0 C:/Users/felip/OneDrive/Documentos/Engenharia de Software/Projeto App Finance/fincontrol/vendor/laravel/framework/src/Illuminate/Database/Connection.php(779): Illuminate/Database/Connection->runQueryCallback('select exists (...', Array, Object(Closure))
#1 C:/Users/felip/OneDrive/Documentos/Engenharia de Software/Projeto App Finance/fincontrol/vendor/laravel/framework/src/Illuminate/Database/Connection.php(398): Illuminate/Database/Connection->run('select exists (...', Array, Object(Closure))
#2 C:/Users/felip/OneDrive/Documentos/Engenharia de Software/Projeto App Finance/fincontrol/vendor/laravel/framework/src/Illuminate/Database/Connection.php(344): Illuminate/Database/Connection->select('select exists (...', Array, true)
#3 C:/Users/felip/OneDrive/Documentos/Engenharia de Software/Projeto App Finance/fincontrol/vendor/laravel/framework/src/Illuminate/Database/Connection.php(361): Illuminate/Database/Connection->selectOne('select exists (...', Array, true)
#4 C:/Users/felip/OneDrive/Documentos/Engenharia de Software/Projeto App Finance/fincontrol/vendor/laravel/framework/src/Illuminate/Database/Schema/MySqlBuilder.php(45): Illuminate/Database/Connection->scalar('select exists (...')
#5 C:/Users/felip/OneDrive/Documentos/Engenharia de Software/Projeto App Finance/fincontrol/vendor/laravel/framework/src/Illuminate/Database/Migrations/DatabaseMigrationRepository.php(184): Illuminate/Database/Schema/MySqlBuilder->hasTable('migrations')
#6 C:/Users/felip/OneDrive/Documentos/Engenharia de Software/Projeto App Finance/fincontrol/vendor/laravel/framework/src/Illuminate/Database/Migrations/Migrator.php(742): Illuminate/Database/Migrations/DatabaseMigrationRepository->repositoryExists()
#7 C:/Users/felip/OneDrive/Documentos/Engenharia de Software/Projeto App Finance/fincontrol/vendor/laravel/framework/src/Illuminate/Database/Console/Migrations/MigrateCommand.php(165): Illuminate/Database/Migrations/Migrator->repositoryExists()
#8 C:/Users/felip/OneDrive/Documentos/Engenharia de Software/Projeto App Finance/fincontrol/vendor/laravel/framework/src/Illuminate/Support/helpers.php(338): Illuminate/Database/Console/Migrations/MigrateCommand->Illuminate/Database/Console/Migrations/{closure}(1)
#9 C:/Users/felip/OneDrive/Documentos/Engenharia de Software/Projeto App Finance/fincontrol/vendor/laravel/framework/src/Illuminate/Database/Console/Migrations/MigrateCommand.php(165): retry(1, Object(Closure), 0, Object(Closure))
#10 C:/Users/felip/OneDrive/Documentos/Engenharia de Software/Projeto App Finance/fincontrol/vendor/laravel/framework/src/Illuminate/Database/Console/Migrations/MigrateCommand.php(141): Illuminate/Database/Console/Migrations/MigrateCommand->repositoryExists()
#11 C:/Users/felip/OneDrive/Documentos/Engenharia de Software/Projeto App Finance/fincontrol/vendor/laravel/framework/src/Illuminate/Database/Console/Migrations/MigrateCommand.php(111): Illuminate/Database/Console/Migrations/MigrateCommand->prepareDatabase()
#12 C:/Users/felip/OneDrive/Documentos/Engenharia de Software/Projeto App Finance/fincontrol/vendor/laravel/framework/src/Illuminate/Database/Migrations/Migrator.php(658): Illuminate/Database/Console/Migrations/MigrateCommand->Illuminate/Database/Console/Migrations/{closure}()
#13 C:/Users/felip/OneDrive/Documentos/Engenharia de Software/Projeto App Finance/fincontrol/vendor/laravel/framework/src/Illuminate/Database/Console/Migrations/MigrateCommand.php(110): Illuminate/Database/Migrations/Migrator->usingConnection(NULL, Object(Closure))
#14 C:/Users/felip/OneDrive/Documentos/Engenharia de Software/Projeto App Finance/fincontrol/vendor/laravel/framework/src/Illuminate/Database/Console/Migrations/MigrateCommand.php(89): Illuminate/Database/Console/Migrations/MigrateCommand->runMigrations()
#15 C:/Users/felip/OneDrive/Documentos/Engenharia de Software/Projeto App Finance/fincontrol/vendor/laravel/framework/src/Illuminate/Container/BoundMethod.php(36): Illuminate/Database/Console/Migrations/MigrateCommand->handle()
#16 C:/Users/felip/OneDrive/Documentos/Engenharia de Software/Projeto App Finance/fincontrol/vendor/laravel/framework/src/Illuminate/Container/Util.php(43): Illuminate/Container/BoundMethod::Illuminate/Container/{closure}()
#17 C:/Users/felip/OneDrive/Documentos/Engenharia de Software/Projeto App Finance/fincontrol/vendor/laravel/framework/src/Illuminate/Container/BoundMethod.php(95): Illuminate/Container/Util::unwrapIfClosure(Object(Closure))
#18 C:/Users/felip/OneDrive/Documentos/Engenharia de Software/Projeto App Finance/fincontrol/vendor/laravel/framework/src/Illuminate/Container/BoundMethod.php(35): Illuminate/Container/BoundMethod::callBoundMethod(Object(Illuminate/Foundation/Application), Array, Object(Closure))
#19 C:/Users/felip/OneDrive/Documentos/Engenharia de Software/Projeto App Finance/fincontrol/vendor/laravel/framework/src/Illuminate/Container/Container.php(696): Illuminate/Container/BoundMethod::call(Object(Illuminate/Foundation/Application), Array, Array, NULL)
#20 C:/Users/felip/OneDrive/Documentos/Engenharia de Software/Projeto App Finance/fincontrol/vendor/laravel/framework/src/Illuminate/Console/Command.php(213): Illuminate/Container/Container->call(Array)
#21 C:/Users/felip/OneDrive/Documentos/Engenharia de Software/Projeto App Finance/fincontrol/vendor/symfony/console/Command/Command.php(341): Illuminate/Console/Command->execute(Object(Symfony/Component/Console/Input/ArgvInput), Object(Illuminate/Console/OutputStyle))
#22 C:/Users/felip/OneDrive/Documentos/Engenharia de Software/Projeto App Finance/fincontrol/vendor/laravel/framework/src/Illuminate/Console/Command.php(182): Symfony/Component/Console/Command/Command->run(Object(Symfony/Component/Console/Input/ArgvInput), Object(Illuminate/Console/OutputStyle))
#23 C:/Users/felip/OneDrive/Documentos/Engenharia de Software/Projeto App Finance/fincontrol/vendor/symfony/console/Application.php(1117): Illuminate/Console/Command->run(Object(Symfony/Component/Console/Input/ArgvInput), Object(Symfony/Component/Console/Output/ConsoleOutput))
#24 C:/Users/felip/OneDrive/Documentos/Engenharia de Software/Projeto App Finance/fincontrol/vendor/symfony/console/Application.php(356): Symfony/Component/Console/Application->doRunCommand(Object(Illuminate/Database/Console/Migrations/MigrateCommand), Object(Symfony/Component/Console/Input/ArgvInput), Object(Symfony/Component/Console/Output/ConsoleOutput))
#25 C:/Users/felip/OneDrive/Documentos/Engenharia de Software/Projeto App Finance/fincontrol/vendor/symfony/console/Application.php(195): Symfony/Component/Console/Application->doRun(Object(Symfony/Component/Console/Input/ArgvInput), Object(Symfony/Component/Console/Output/ConsoleOutput))
#26 C:/Users/felip/OneDrive/Documentos/Engenharia de Software/Projeto App Finance/fincontrol/vendor/laravel/framework/src/Illuminate/Foundation/Console/Kernel.php(198): Symfony/Component/Console/Application->run(Object(Symfony/Component/Console/Input/ArgvInput), Object(Symfony/Component/Console/Output/ConsoleOutput))
#27 C:/Users/felip/OneDrive/Documentos/Engenharia de Software/Projeto App Finance/fincontrol/artisan(24): Illuminate/Foundation/Console/Kernel->handle(Object(Symfony/Component/Console/Input/ArgvInput), Object(Symfony/Component/Console/Output/ConsoleOutput))
#28 {main}

[previous exception] [object] (PDOException(code: 2002): SQLSTATE[HY000] [2002] Nenhuma conexão pôde ser feita porque a máquina de destino as recusou ativamente at C:/Users/felip/OneDrive/Documentos/Engenharia de Software/Projeto App Finance/fincontrol/vendor/laravel/framework/src/Illuminate/Database/Connectors/Connector.php:66)
[stacktrace]
#0 C:/Users/felip/OneDrive/Documentos/Engenharia de Software/Projeto App Finance/fincontrol/vendor/laravel/framework/src/Illuminate/Database/Connectors/Connector.php(66): PDO->__construct('mysql:host=127....', 'root', Object(SensitiveParameterValue), Array)
#1 C:/Users/felip/OneDrive/Documentos/Engenharia de Software/Projeto App Finance/fincontrol/vendor/laravel/framework/src/Illuminate/Database/Connectors/Connector.php(44): Illuminate/Database/Connectors/Connector->createPdoConnection('mysql:host=127....', 'root', Object(SensitiveParameterValue), Array)
#2 C:/Users/felip/OneDrive/Documentos/Engenharia de Software/Projeto App Finance/fincontrol/vendor/laravel/framework/src/Illuminate/Database/Connectors/MySqlConnector.php(24): Illuminate/Database/Connectors/Connector->createConnection('mysql:host=127....', Array, Array)
#3 C:/Users/felip/OneDrive/Documentos/Engenharia de Software/Projeto App Finance/fincontrol/vendor/laravel/framework/src/Illuminate/Database/Connectors/ConnectionFactory.php(185): Illuminate/Database/Connectors/MySqlConnector->connect(Array)
#4 [internal function]: Illuminate/Database/Connectors/ConnectionFactory->Illuminate/Database/Connectors/{closure}()
#5 C:/Users/felip/OneDrive/Documentos/Engenharia de Software/Projeto App Finance/fincontrol/vendor/laravel/framework/src/Illuminate/Database/Connection.php(1231): call_user_func(Object(Closure))
#6 C:/Users/felip/OneDrive/Documentos/Engenharia de Software/Projeto App Finance/fincontrol/vendor/laravel/framework/src/Illuminate/Database/Connection.php(1267): Illuminate/Database/Connection->getPdo()
#7 C:/Users/felip/OneDrive/Documentos/Engenharia de Software/Projeto App Finance/fincontrol/vendor/laravel/framework/src/Illuminate/Database/Connection.php(512): Illuminate/Database/Connection->getReadPdo()
#8 C:/Users/felip/OneDrive/Documentos/Engenharia de Software/Projeto App Finance/fincontrol/vendor/laravel/framework/src/Illuminate/Database/Connection.php(407): Illuminate/Database/Connection->getPdoForSelect(true)
#9 C:/Users/felip/OneDrive/Documentos/Engenharia de Software/Projeto App Finance/fincontrol/vendor/laravel/framework/src/Illuminate/Database/Connection.php(812): Illuminate/Database/Connection->Illuminate/Database/{closure}('select exists (...', Array)
#10 C:/Users/felip/OneDrive/Documentos/Engenharia de Software/Projeto App Finance/fincontrol/vendor/laravel/framework/src/Illuminate/Database/Connection.php(779): Illuminate/Database/Connection->runQueryCallback('select exists (...', Array, Object(Closure))
#11 C:/Users/felip/OneDrive/Documentos/Engenharia de Software/Projeto App Finance/fincontrol/vendor/laravel/framework/src/Illuminate/Database/Connection.php(398): Illuminate/Database/Connection->run('select exists (...', Array, Object(Closure))
#12 C:/Users/felip/OneDrive/Documentos/Engenharia de Software/Projeto App Finance/fincontrol/vendor/laravel/framework/src/Illuminate/Database/Connection.php(344): Illuminate/Database/Connection->select('select exists (...', Array, true)
#13 C:/Users/felip/OneDrive/Documentos/Engenharia de Software/Projeto App Finance/fincontrol/vendor/laravel/framework/src/Illuminate/Database/Connection.php(361): Illuminate/Database/Connection->selectOne('select exists (...', Array, true)
#14 C:/Users/felip/OneDrive/Documentos/Engenharia de Software/Projeto App Finance/fincontrol/vendor/laravel/framework/src/Illuminate/Database/Schema/MySqlBuilder.php(45): Illuminate/Database/Connection->scalar('select exists (...')
#15 C:/Users/felip/OneDrive/Documentos/Engenharia de Software/Projeto App Finance/fincontrol/vendor/laravel/framework/src/Illuminate/Database/Migrations/DatabaseMigrationRepository.php(184): Illuminate/Database/Schema/MySqlBuilder->hasTable('migrations')
#16 C:/Users/felip/OneDrive/Documentos/Engenharia de Software/Projeto App Finance/fincontrol/vendor/laravel/framework/src/Illuminate/Database/Migrations/Migrator.php(742): Illuminate/Database/Migrations/DatabaseMigrationRepository->repositoryExists()
#17 C:/Users/felip/OneDrive/Documentos/Engenharia de Software/Projeto App Finance/fincontrol/vendor/laravel/framework/src/Illuminate/Database/Console/Migrations/MigrateCommand.php(165): Illuminate/Database/Migrations/Migrator->repositoryExists()
#18 C:/Users/felip/OneDrive/Documentos/Engenharia de Software/Projeto App Finance/fincontrol/vendor/laravel/framework/src/Illuminate/Support/helpers.php(338): Illuminate/Database/Console/Migrations/MigrateCommand->Illuminate/Database/Console/Migrations/{closure}(1)
#19 C:/Users/felip/OneDrive/Documentos/Engenharia de Software/Projeto App Finance/fincontrol/vendor/laravel/framework/src/Illuminate/Database/Console/Migrations/MigrateCommand.php(165): retry(1, Object(Closure), 0, Object(Closure))
#20 C:/Users/felip/OneDrive/Documentos/Engenharia de Software/Projeto App Finance/fincontrol/vendor/laravel/framework/src/Illuminate/Database/Console/Migrations/MigrateCommand.php(141): Illuminate/Database/Console/Migrations/MigrateCommand->repositoryExists()
#21 C:/Users/felip/OneDrive/Documentos/Engenharia de Software/Projeto App Finance/fincontrol/vendor/laravel/framework/src/Illuminate/Database/Console/Migrations/MigrateCommand.php(111): Illuminate/Database/Console/Migrations/MigrateCommand->prepareDatabase()
#22 C:/Users/felip/OneDrive/Documentos/Engenharia de Software/Projeto App Finance/fincontrol/vendor/laravel/framework/src/Illuminate/Database/Migrations/Migrator.php(658): Illuminate/Database/Console/Migrations/MigrateCommand->Illuminate/Database/Console/Migrations/{closure}()
#23 C:/Users/felip/OneDrive/Documentos/Engenharia de Software/Projeto App Finance/fincontrol/vendor/laravel/framework/src/Illuminate/Database/Console/Migrations/MigrateCommand.php(110): Illuminate/Database/Migrations/Migrator->usingConnection(NULL, Object(Closure))
#24 C:/Users/felip/OneDrive/Documentos/Engenharia de Software/Projeto App Finance/fincontrol/vendor/laravel/framework/src/Illuminate/Database/Console/Migrations/MigrateCommand.php(89): Illuminate/Database/Console/Migrations/MigrateCommand->runMigrations()
#25 C:/Users/felip/OneDrive/Documentos/Engenharia de Software/Projeto App Finance/fincontrol/vendor/laravel/framework/src/Illuminate/Container/BoundMethod.php(36): Illuminate/Database/Console/Migrations/MigrateCommand->handle()
#26 C:/Users/felip/OneDrive/Documentos/Engenharia de Software/Projeto App Finance/fincontrol/vendor/laravel/framework/src/Illuminate/Container/Util.php(43): Illuminate/Container/BoundMethod::Illuminate/Container/{closure}()
#27 C:/Users/felip/OneDrive/Documentos/Engenharia de Software/Projeto App Finance/fincontrol/vendor/laravel/framework/src/Illuminate/Container/BoundMethod.php(95): Illuminate/Container/Util::unwrapIfClosure(Object(Closure))
#28 C:/Users/felip/OneDrive/Documentos/Engenharia de Software/Projeto App Finance/fincontrol/vendor/laravel/framework/src/Illuminate/Container/BoundMethod.php(35): Illuminate/Container/BoundMethod::callBoundMethod(Object(Illuminate/Foundation/Application), Array, Object(Closure))
#29 C:/Users/felip/OneDrive/Documentos/Engenharia de Software/Projeto App Finance/fincontrol/vendor/laravel/framework/src/Illuminate/Container/Container.php(696): Illuminate/Container/BoundMethod::call(Object(Illuminate/Foundation/Application), Array, Array, NULL)
#30 C:/Users/felip/OneDrive/Documentos/Engenharia de Software/Projeto App Finance/fincontrol/vendor/laravel/framework/src/Illuminate/Console/Command.php(213): Illuminate/Container/Container->call(Array)
#31 C:/Users/felip/OneDrive/Documentos/Engenharia de Software/Projeto App Finance/fincontrol/vendor/symfony/console/Command/Command.php(341): Illuminate/Console/Command->execute(Object(Symfony/Component/Console/Input/ArgvInput), Object(Illuminate/Console/OutputStyle))
#32 C:/Users/felip/OneDrive/Documentos/Engenharia de Software/Projeto App Finance/fincontrol/vendor/laravel/framework/src/Illuminate/Console/Command.php(182): Symfony/Component/Console/Command/Command->run(Object(Symfony/Component/Console/Input/ArgvInput), Object(Illuminate/Console/OutputStyle))
#33 C:/Users/felip/OneDrive/Documentos/Engenharia de Software/Projeto App Finance/fincontrol/vendor/symfony/console/Application.php(1117): Illuminate/Console/Command->run(Object(Symfony/Component/Console/Input/ArgvInput), Object(Symfony/Component/Console/Output/ConsoleOutput))
#34 C:/Users/felip/OneDrive/Documentos/Engenharia de Software/Projeto App Finance/fincontrol/vendor/symfony/console/Application.php(356): Symfony/Component/Console/Application->doRunCommand(Object(Illuminate/Database/Console/Migrations/MigrateCommand), Object(Symfony/Component/Console/Input/ArgvInput), Object(Symfony/Component/Console/Output/ConsoleOutput))
#35 C:/Users/felip/OneDrive/Documentos/Engenharia de Software/Projeto App Finance/fincontrol/vendor/symfony/console/Application.php(195): Symfony/Component/Console/Application->doRun(Object(Symfony/Component/Console/Input/ArgvInput), Object(Symfony/Component/Console/Output/ConsoleOutput))
#36 C:/Users/felip/OneDrive/Documentos/Engenharia de Software/Projeto App Finance/fincontrol/vendor/laravel/framework/src/Illuminate/Foundation/Console/Kernel.php(198): Symfony/Component/Console/Application->run(Object(Symfony/Component/Console/Input/ArgvInput), Object(Symfony/Component/Console/Output/ConsoleOutput))
#37 C:/Users/felip/OneDrive/Documentos/Engenharia de Software/Projeto App Finance/fincontrol/artisan(24): Illuminate/Foundation/Console/Kernel->handle(Object(Symfony/Component/Console/Input/ArgvInput), Object(Symfony/Component/Console/Output/ConsoleOutput))
#38 {main}
"} 
[2026-06-03 19:07:12] local.ERROR: SQLSTATE[HY000] [2002] Nenhuma conexão pôde ser feita porque a máquina de destino as recusou ativamente (Connection: mysql, SQL: select exists (select 1 from information_schema.tables where table_schema = 'fincontrol' and table_name = 'migrations' and table_type in ('BASE TABLE', 'SYSTEM VERSIONED')) as `exists`) {"exception":"[object] (Illuminate\\Database\\QueryException(code: 2002): SQLSTATE[HY000] [2002] Nenhuma conexão pôde ser feita porque a máquina de destino as recusou ativamente (Connection: mysql, SQL: select exists (select 1 from information_schema.tables where table_schema = 'fincontrol' and table_name = 'migrations' and table_type in ('BASE TABLE', 'SYSTEM VERSIONED')) as `exists`) at C:/Users/felip/OneDrive/Documentos/Engenharia de Software/Projeto App Finance/fincontrol/vendor/laravel/framework/src/Illuminate/Database/Connection.php:825)
[stacktrace]
#0 C:/Users/felip/OneDrive/Documentos/Engenharia de Software/Projeto App Finance/fincontrol/vendor/laravel/framework/src/Illuminate/Database/Connection.php(779): Illuminate/Database/Connection->runQueryCallback('select exists (...', Array, Object(Closure))
#1 C:/Users/felip/OneDrive/Documentos/Engenharia de Software/Projeto App Finance/fincontrol/vendor/laravel/framework/src/Illuminate/Database/Connection.php(398): Illuminate/Database/Connection->run('select exists (...', Array, Object(Closure))
#2 C:/Users/felip/OneDrive/Documentos/Engenharia de Software/Projeto App Finance/fincontrol/vendor/laravel/framework/src/Illuminate/Database/Connection.php(344): Illuminate/Database/Connection->select('select exists (...', Array, true)
#3 C:/Users/felip/OneDrive/Documentos/Engenharia de Software/Projeto App Finance/fincontrol/vendor/laravel/framework/src/Illuminate/Database/Connection.php(361): Illuminate/Database/Connection->selectOne('select exists (...', Array, true)
#4 C:/Users/felip/OneDrive/Documentos/Engenharia de Software/Projeto App Finance/fincontrol/vendor/laravel/framework/src/Illuminate/Database/Schema/MySqlBuilder.php(45): Illuminate/Database/Connection->scalar('select exists (...')
#5 C:/Users/felip/OneDrive/Documentos/Engenharia de Software/Projeto App Finance/fincontrol/vendor/laravel/framework/src/Illuminate/Database/Migrations/DatabaseMigrationRepository.php(184): Illuminate/Database/Schema/MySqlBuilder->hasTable('migrations')
#6 C:/Users/felip/OneDrive/Documentos/Engenharia de Software/Projeto App Finance/fincontrol/vendor/laravel/framework/src/Illuminate/Database/Migrations/Migrator.php(742): Illuminate/Database/Migrations/DatabaseMigrationRepository->repositoryExists()
#7 C:/Users/felip/OneDrive/Documentos/Engenharia de Software/Projeto App Finance/fincontrol/vendor/laravel/framework/src/Illuminate/Database/Console/Migrations/MigrateCommand.php(165): Illuminate/Database/Migrations/Migrator->repositoryExists()
#8 C:/Users/felip/OneDrive/Documentos/Engenharia de Software/Projeto App Finance/fincontrol/vendor/laravel/framework/src/Illuminate/Support/helpers.php(338): Illuminate/Database/Console/Migrations/MigrateCommand->Illuminate/Database/Console/Migrations/{closure}(1)
#9 C:/Users/felip/OneDrive/Documentos/Engenharia de Software/Projeto App Finance/fincontrol/vendor/laravel/framework/src/Illuminate/Database/Console/Migrations/MigrateCommand.php(165): retry(1, Object(Closure), 0, Object(Closure))
#10 C:/Users/felip/OneDrive/Documentos/Engenharia de Software/Projeto App Finance/fincontrol/vendor/laravel/framework/src/Illuminate/Database/Console/Migrations/MigrateCommand.php(141): Illuminate/Database/Console/Migrations/MigrateCommand->repositoryExists()
#11 C:/Users/felip/OneDrive/Documentos/Engenharia de Software/Projeto App Finance/fincontrol/vendor/laravel/framework/src/Illuminate/Database/Console/Migrations/MigrateCommand.php(111): Illuminate/Database/Console/Migrations/MigrateCommand->prepareDatabase()
#12 C:/Users/felip/OneDrive/Documentos/Engenharia de Software/Projeto App Finance/fincontrol/vendor/laravel/framework/src/Illuminate/Database/Migrations/Migrator.php(658): Illuminate/Database/Console/Migrations/MigrateCommand->Illuminate/Database/Console/Migrations/{closure}()
#13 C:/Users/felip/OneDrive/Documentos/Engenharia de Software/Projeto App Finance/fincontrol/vendor/laravel/framework/src/Illuminate/Database/Console/Migrations/MigrateCommand.php(110): Illuminate/Database/Migrations/Migrator->usingConnection(NULL, Object(Closure))
#14 C:/Users/felip/OneDrive/Documentos/Engenharia de Software/Projeto App Finance/fincontrol/vendor/laravel/framework/src/Illuminate/Database/Console/Migrations/MigrateCommand.php(89): Illuminate/Database/Console/Migrations/MigrateCommand->runMigrations()
#15 C:/Users/felip/OneDrive/Documentos/Engenharia de Software/Projeto App Finance/fincontrol/vendor/laravel/framework/src/Illuminate/Container/BoundMethod.php(36): Illuminate/Database/Console/Migrations/MigrateCommand->handle()
#16 C:/Users/felip/OneDrive/Documentos/Engenharia de Software/Projeto App Finance/fincontrol/vendor/laravel/framework/src/Illuminate/Container/Util.php(43): Illuminate/Container/BoundMethod::Illuminate/Container/{closure}()
#17 C:/Users/felip/OneDrive/Documentos/Engenharia de Software/Projeto App Finance/fincontrol/vendor/laravel/framework/src/Illuminate/Container/BoundMethod.php(95): Illuminate/Container/Util::unwrapIfClosure(Object(Closure))
#18 C:/Users/felip/OneDrive/Documentos/Engenharia de Software/Projeto App Finance/fincontrol/vendor/laravel/framework/src/Illuminate/Container/BoundMethod.php(35): Illuminate/Container/BoundMethod::callBoundMethod(Object(Illuminate/Foundation/Application), Array, Object(Closure))
#19 C:/Users/felip/OneDrive/Documentos/Engenharia de Software/Projeto App Finance/fincontrol/vendor/laravel/framework/src/Illuminate/Container/Container.php(696): Illuminate/Container/BoundMethod::call(Object(Illuminate/Foundation/Application), Array, Array, NULL)
#20 C:/Users/felip/OneDrive/Documentos/Engenharia de Software/Projeto App Finance/fincontrol/vendor/laravel/framework/src/Illuminate/Console/Command.php(213): Illuminate/Container/Container->call(Array)
#21 C:/Users/felip/OneDrive/Documentos/Engenharia de Software/Projeto App Finance/fincontrol/vendor/symfony/console/Command/Command.php(341): Illuminate/Console/Command->execute(Object(Symfony/Component/Console/Input/ArgvInput), Object(Illuminate/Console/OutputStyle))
#22 C:/Users/felip/OneDrive/Documentos/Engenharia de Software/Projeto App Finance/fincontrol/vendor/laravel/framework/src/Illuminate/Console/Command.php(182): Symfony/Component/Console/Command/Command->run(Object(Symfony/Component/Console/Input/ArgvInput), Object(Illuminate/Console/OutputStyle))
#23 C:/Users/felip/OneDrive/Documentos/Engenharia de Software/Projeto App Finance/fincontrol/vendor/symfony/console/Application.php(1117): Illuminate/Console/Command->run(Object(Symfony/Component/Console/Input/ArgvInput), Object(Symfony/Component/Console/Output/ConsoleOutput))
#24 C:/Users/felip/OneDrive/Documentos/Engenharia de Software/Projeto App Finance/fincontrol/vendor/symfony/console/Application.php(356): Symfony/Component/Console/Application->doRunCommand(Object(Illuminate/Database/Console/Migrations/MigrateCommand), Object(Symfony/Component/Console/Input/ArgvInput), Object(Symfony/Component/Console/Output/ConsoleOutput))
#25 C:/Users/felip/OneDrive/Documentos/Engenharia de Software/Projeto App Finance/fincontrol/vendor/symfony/console/Application.php(195): Symfony/Component/Console/Application->doRun(Object(Symfony/Component/Console/Input/ArgvInput), Object(Symfony/Component/Console/Output/ConsoleOutput))
#26 C:/Users/felip/OneDrive/Documentos/Engenharia de Software/Projeto App Finance/fincontrol/vendor/laravel/framework/src/Illuminate/Foundation/Console/Kernel.php(198): Symfony/Component/Console/Application->run(Object(Symfony/Component/Console/Input/ArgvInput), Object(Symfony/Component/Console/Output/ConsoleOutput))
#27 C:/Users/felip/OneDrive/Documentos/Engenharia de Software/Projeto App Finance/fincontrol/artisan(24): Illuminate/Foundation/Console/Kernel->handle(Object(Symfony/Component/Console/Input/ArgvInput), Object(Symfony/Component/Console/Output/ConsoleOutput))
#28 {main}

[previous exception] [object] (PDOException(code: 2002): SQLSTATE[HY000] [2002] Nenhuma conexão pôde ser feita porque a máquina de destino as recusou ativamente at C:/Users/felip/OneDrive/Documentos/Engenharia de Software/Projeto App Finance/fincontrol/vendor/laravel/framework/src/Illuminate/Database/Connectors/Connector.php:66)
[stacktrace]
#0 C:/Users/felip/OneDrive/Documentos/Engenharia de Software/Projeto App Finance/fincontrol/vendor/laravel/framework/src/Illuminate/Database/Connectors/Connector.php(66): PDO->__construct('mysql:host=127....', 'root', Object(SensitiveParameterValue), Array)
#1 C:/Users/felip/OneDrive/Documentos/Engenharia de Software/Projeto App Finance/fincontrol/vendor/laravel/framework/src/Illuminate/Database/Connectors/Connector.php(44): Illuminate/Database/Connectors/Connector->createPdoConnection('mysql:host=127....', 'root', Object(SensitiveParameterValue), Array)
#2 C:/Users/felip/OneDrive/Documentos/Engenharia de Software/Projeto App Finance/fincontrol/vendor/laravel/framework/src/Illuminate/Database/Connectors/MySqlConnector.php(24): Illuminate/Database/Connectors/Connector->createConnection('mysql:host=127....', Array, Array)
#3 C:/Users/felip/OneDrive/Documentos/Engenharia de Software/Projeto App Finance/fincontrol/vendor/laravel/framework/src/Illuminate/Database/Connectors/ConnectionFactory.php(185): Illuminate/Database/Connectors/MySqlConnector->connect(Array)
#4 [internal function]: Illuminate/Database/Connectors/ConnectionFactory->Illuminate/Database/Connectors/{closure}()
#5 C:/Users/felip/OneDrive/Documentos/Engenharia de Software/Projeto App Finance/fincontrol/vendor/laravel/framework/src/Illuminate/Database/Connection.php(1231): call_user_func(Object(Closure))
#6 C:/Users/felip/OneDrive/Documentos/Engenharia de Software/Projeto App Finance/fincontrol/vendor/laravel/framework/src/Illuminate/Database/Connection.php(1267): Illuminate/Database/Connection->getPdo()
#7 C:/Users/felip/OneDrive/Documentos/Engenharia de Software/Projeto App Finance/fincontrol/vendor/laravel/framework/src/Illuminate/Database/Connection.php(512): Illuminate/Database/Connection->getReadPdo()
#8 C:/Users/felip/OneDrive/Documentos/Engenharia de Software/Projeto App Finance/fincontrol/vendor/laravel/framework/src/Illuminate/Database/Connection.php(407): Illuminate/Database/Connection->getPdoForSelect(true)
#9 C:/Users/felip/OneDrive/Documentos/Engenharia de Software/Projeto App Finance/fincontrol/vendor/laravel/framework/src/Illuminate/Database/Connection.php(812): Illuminate/Database/Connection->Illuminate/Database/{closure}('select exists (...', Array)
#10 C:/Users/felip/OneDrive/Documentos/Engenharia de Software/Projeto App Finance/fincontrol/vendor/laravel/framework/src/Illuminate/Database/Connection.php(779): Illuminate/Database/Connection->runQueryCallback('select exists (...', Array, Object(Closure))
#11 C:/Users/felip/OneDrive/Documentos/Engenharia de Software/Projeto App Finance/fincontrol/vendor/laravel/framework/src/Illuminate/Database/Connection.php(398): Illuminate/Database/Connection->run('select exists (...', Array, Object(Closure))
#12 C:/Users/felip/OneDrive/Documentos/Engenharia de Software/Projeto App Finance/fincontrol/vendor/laravel/framework/src/Illuminate/Database/Connection.php(344): Illuminate/Database/Connection->select('select exists (...', Array, true)
#13 C:/Users/felip/OneDrive/Documentos/Engenharia de Software/Projeto App Finance/fincontrol/vendor/laravel/framework/src/Illuminate/Database/Connection.php(361): Illuminate/Database/Connection->selectOne('select exists (...', Array, true)
#14 C:/Users/felip/OneDrive/Documentos/Engenharia de Software/Projeto App Finance/fincontrol/vendor/laravel/framework/src/Illuminate/Database/Schema/MySqlBuilder.php(45): Illuminate/Database/Connection->scalar('select exists (...')
#15 C:/Users/felip/OneDrive/Documentos/Engenharia de Software/Projeto App Finance/fincontrol/vendor/laravel/framework/src/Illuminate/Database/Migrations/DatabaseMigrationRepository.php(184): Illuminate/Database/Schema/MySqlBuilder->hasTable('migrations')
#16 C:/Users/felip/OneDrive/Documentos/Engenharia de Software/Projeto App Finance/fincontrol/vendor/laravel/framework/src/Illuminate/Database/Migrations/Migrator.php(742): Illuminate/Database/Migrations/DatabaseMigrationRepository->repositoryExists()
#17 C:/Users/felip/OneDrive/Documentos/Engenharia de Software/Projeto App Finance/fincontrol/vendor/laravel/framework/src/Illuminate/Database/Console/Migrations/MigrateCommand.php(165): Illuminate/Database/Migrations/Migrator->repositoryExists()
#18 C:/Users/felip/OneDrive/Documentos/Engenharia de Software/Projeto App Finance/fincontrol/vendor/laravel/framework/src/Illuminate/Support/helpers.php(338): Illuminate/Database/Console/Migrations/MigrateCommand->Illuminate/Database/Console/Migrations/{closure}(1)
#19 C:/Users/felip/OneDrive/Documentos/Engenharia de Software/Projeto App Finance/fincontrol/vendor/laravel/framework/src/Illuminate/Database/Console/Migrations/MigrateCommand.php(165): retry(1, Object(Closure), 0, Object(Closure))
#20 C:/Users/felip/OneDrive/Documentos/Engenharia de Software/Projeto App Finance/fincontrol/vendor/laravel/framework/src/Illuminate/Database/Console/Migrations/MigrateCommand.php(141): Illuminate/Database/Console/Migrations/MigrateCommand->repositoryExists()
#21 C:/Users/felip/OneDrive/Documentos/Engenharia de Software/Projeto App Finance/fincontrol/vendor/laravel/framework/src/Illuminate/Database/Console/Migrations/MigrateCommand.php(111): Illuminate/Database/Console/Migrations/MigrateCommand->prepareDatabase()
#22 C:/Users/felip/OneDrive/Documentos/Engenharia de Software/Projeto App Finance/fincontrol/vendor/laravel/framework/src/Illuminate/Database/Migrations/Migrator.php(658): Illuminate/Database/Console/Migrations/MigrateCommand->Illuminate/Database/Console/Migrations/{closure}()
#23 C:/Users/felip/OneDrive/Documentos/Engenharia de Software/Projeto App Finance/fincontrol/vendor/laravel/framework/src/Illuminate/Database/Console/Migrations/MigrateCommand.php(110): Illuminate/Database/Migrations/Migrator->usingConnection(NULL, Object(Closure))
#24 C:/Users/felip/OneDrive/Documentos/Engenharia de Software/Projeto App Finance/fincontrol/vendor/laravel/framework/src/Illuminate/Database/Console/Migrations/MigrateCommand.php(89): Illuminate/Database/Console/Migrations/MigrateCommand->runMigrations()
#25 C:/Users/felip/OneDrive/Documentos/Engenharia de Software/Projeto App Finance/fincontrol/vendor/laravel/framework/src/Illuminate/Container/BoundMethod.php(36): Illuminate/Database/Console/Migrations/MigrateCommand->handle()
#26 C:/Users/felip/OneDrive/Documentos/Engenharia de Software/Projeto App Finance/fincontrol/vendor/laravel/framework/src/Illuminate/Container/Util.php(43): Illuminate/Container/BoundMethod::Illuminate/Container/{closure}()
#27 C:/Users/felip/OneDrive/Documentos/Engenharia de Software/Projeto App Finance/fincontrol/vendor/laravel/framework/src/Illuminate/Container/BoundMethod.php(95): Illuminate/Container/Util::unwrapIfClosure(Object(Closure))
#28 C:/Users/felip/OneDrive/Documentos/Engenharia de Software/Projeto App Finance/fincontrol/vendor/laravel/framework/src/Illuminate/Container/BoundMethod.php(35): Illuminate/Container/BoundMethod::callBoundMethod(Object(Illuminate/Foundation/Application), Array, Object(Closure))
#29 C:/Users/felip/OneDrive/Documentos/Engenharia de Software/Projeto App Finance/fincontrol/vendor/laravel/framework/src/Illuminate/Container/Container.php(696): Illuminate/Container/BoundMethod::call(Object(Illuminate/Foundation/Application), Array, Array, NULL)
#30 C:/Users/felip/OneDrive/Documentos/Engenharia de Software/Projeto App Finance/fincontrol/vendor/laravel/framework/src/Illuminate/Console/Command.php(213): Illuminate/Container/Container->call(Array)
#31 C:/Users/felip/OneDrive/Documentos/Engenharia de Software/Projeto App Finance/fincontrol/vendor/symfony/console/Command/Command.php(341): Illuminate/Console/Command->execute(Object(Symfony/Component/Console/Input/ArgvInput), Object(Illuminate/Console/OutputStyle))
#32 C:/Users/felip/OneDrive/Documentos/Engenharia de Software/Projeto App Finance/fincontrol/vendor/laravel/framework/src/Illuminate/Console/Command.php(182): Symfony/Component/Console/Command/Command->run(Object(Symfony/Component/Console/Input/ArgvInput), Object(Illuminate/Console/OutputStyle))
#33 C:/Users/felip/OneDrive/Documentos/Engenharia de Software/Projeto App Finance/fincontrol/vendor/symfony/console/Application.php(1117): Illuminate/Console/Command->run(Object(Symfony/Component/Console/Input/ArgvInput), Object(Symfony/Component/Console/Output/ConsoleOutput))
#34 C:/Users/felip/OneDrive/Documentos/Engenharia de Software/Projeto App Finance/fincontrol/vendor/symfony/console/Application.php(356): Symfony/Component/Console/Application->doRunCommand(Object(Illuminate/Database/Console/Migrations/MigrateCommand), Object(Symfony/Component/Console/Input/ArgvInput), Object(Symfony/Component/Console/Output/ConsoleOutput))
#35 C:/Users/felip/OneDrive/Documentos/Engenharia de Software/Projeto App Finance/fincontrol/vendor/symfony/console/Application.php(195): Symfony/Component/Console/Application->doRun(Object(Symfony/Component/Console/Input/ArgvInput), Object(Symfony/Component/Console/Output/ConsoleOutput))
#36 C:/Users/felip/OneDrive/Documentos/Engenharia de Software/Projeto App Finance/fincontrol/vendor/laravel/framework/src/Illuminate/Foundation/Console/Kernel.php(198): Symfony/Component/Console/Application->run(Object(Symfony/Component/Console/Input/ArgvInput), Object(Symfony/Component/Console/Output/ConsoleOutput))
#37 C:/Users/felip/OneDrive/Documentos/Engenharia de Software/Projeto App Finance/fincontrol/artisan(24): Illuminate/Foundation/Console/Kernel->handle(Object(Symfony/Component/Console/Input/ArgvInput), Object(Symfony/Component/Console/Output/ConsoleOutput))
#38 {main}
"} 
[2026-06-05 19:36:42] local.ERROR: The "--compact" option does not exist. {"exception":"[object] (Symfony\\Component\\Console\\Exception\\RuntimeException(code: 0): The \"--compact\" option does not exist. at C:/Users/felip/OneDrive/Documentos/Engenharia de Software/Projeto App Finance/fincontrol/vendor/symfony/console/Input/ArgvInput.php:226)
[stacktrace]
#0 C:/Users/felip/OneDrive/Documentos/Engenharia de Software/Projeto App Finance/fincontrol/vendor/symfony/console/Input/ArgvInput.php(155): Symfony/Component/Console/Input/ArgvInput->addLongOption('compact', NULL)
#1 C:/Users/felip/OneDrive/Documentos/Engenharia de Software/Projeto App Finance/fincontrol/vendor/symfony/console/Input/ArgvInput.php(88): Symfony/Component/Console/Input/ArgvInput->parseLongOption('--compact')
#2 C:/Users/felip/OneDrive/Documentos/Engenharia de Software/Projeto App Finance/fincontrol/vendor/symfony/console/Input/ArgvInput.php(77): Symfony/Component/Console/Input/ArgvInput->parseToken('--compact', true)
#3 C:/Users/felip/OneDrive/Documentos/Engenharia de Software/Projeto App Finance/fincontrol/vendor/symfony/console/Input/Input.php(53): Symfony/Component/Console/Input/ArgvInput->parse()
#4 C:/Users/felip/OneDrive/Documentos/Engenharia de Software/Projeto App Finance/fincontrol/vendor/symfony/console/Command/Command.php(295): Symfony/Component/Console/Input/Input->bind(Object(Symfony/Component/Console/Input/InputDefinition))
#5 C:/Users/felip/OneDrive/Documentos/Engenharia de Software/Projeto App Finance/fincontrol/vendor/laravel/framework/src/Illuminate/Console/Command.php(182): Symfony/Component/Console/Command/Command->run(Object(Symfony/Component/Console/Input/ArgvInput), Object(Illuminate/Console/OutputStyle))
#6 C:/Users/felip/OneDrive/Documentos/Engenharia de Software/Projeto App Finance/fincontrol/vendor/symfony/console/Application.php(1117): Illuminate/Console/Command->run(Object(Symfony/Component/Console/Input/ArgvInput), Object(Symfony/Component/Console/Output/ConsoleOutput))
#7 C:/Users/felip/OneDrive/Documentos/Engenharia de Software/Projeto App Finance/fincontrol/vendor/symfony/console/Application.php(356): Symfony/Component/Console/Application->doRunCommand(Object(Illuminate/Foundation/Console/RouteListCommand), Object(Symfony/Component/Console/Input/ArgvInput), Object(Symfony/Component/Console/Output/ConsoleOutput))
#8 C:/Users/felip/OneDrive/Documentos/Engenharia de Software/Projeto App Finance/fincontrol/vendor/symfony/console/Application.php(195): Symfony/Component/Console/Application->doRun(Object(Symfony/Component/Console/Input/ArgvInput), Object(Symfony/Component/Console/Output/ConsoleOutput))
#9 C:/Users/felip/OneDrive/Documentos/Engenharia de Software/Projeto App Finance/fincontrol/vendor/laravel/framework/src/Illuminate/Foundation/Console/Kernel.php(198): Symfony/Component/Console/Application->run(Object(Symfony/Component/Console/Input/ArgvInput), Object(Symfony/Component/Console/Output/ConsoleOutput))
#10 C:/Users/felip/OneDrive/Documentos/Engenharia de Software/Projeto App Finance/fincontrol/artisan(24): Illuminate/Foundation/Console/Kernel->handle(Object(Symfony/Component/Console/Input/ArgvInput), Object(Symfony/Component/Console/Output/ConsoleOutput))
#11 {main}
"} 
[2026-06-05 19:38:03] local.ERROR: SQLSTATE[42S02]: Base table or view not found: 1146 Table 'fincontrol.cache' doesn't exist (Connection: mysql, SQL: delete from `cache`) {"exception":"[object] (Illuminate\\Database\\QueryException(code: 42S02): SQLSTATE[42S02]: Base table or view not found: 1146 Table 'fincontrol.cache' doesn't exist (Connection: mysql, SQL: delete from `cache`) at C:/Users/felip/OneDrive/Documentos/Engenharia de Software/Projeto App Finance/fincontrol/vendor/laravel/framework/src/Illuminate/Database/Connection.php:825)
[stacktrace]
#0 C:/Users/felip/OneDrive/Documentos/Engenharia de Software/Projeto App Finance/fincontrol/vendor/laravel/framework/src/Illuminate/Database/Connection.php(779): Illuminate/Database/Connection->runQueryCallback('delete from `ca...', Array, Object(Closure))
#1 C:/Users/felip/OneDrive/Documentos/Engenharia de Software/Projeto App Finance/fincontrol/vendor/laravel/framework/src/Illuminate/Database/Connection.php(584): Illuminate/Database/Connection->run('delete from `ca...', Array, Object(Closure))
#2 C:/Users/felip/OneDrive/Documentos/Engenharia de Software/Projeto App Finance/fincontrol/vendor/laravel/framework/src/Illuminate/Database/Connection.php(548): Illuminate/Database/Connection->affectingStatement('delete from `ca...', Array)
#3 C:/Users/felip/OneDrive/Documentos/Engenharia de Software/Projeto App Finance/fincontrol/vendor/laravel/framework/src/Illuminate/Database/Query/Builder.php(4024): Illuminate/Database/Connection->delete('delete from `ca...', Array)
#4 C:/Users/felip/OneDrive/Documentos/Engenharia de Software/Projeto App Finance/fincontrol/vendor/laravel/framework/src/Illuminate/Cache/DatabaseStore.php(422): Illuminate/Database/Query/Builder->delete()
#5 C:/Users/felip/OneDrive/Documentos/Engenharia de Software/Projeto App Finance/fincontrol/vendor/laravel/framework/src/Illuminate/Cache/Repository.php(792): Illuminate/Cache/DatabaseStore->flush()
#6 C:/Users/felip/OneDrive/Documentos/Engenharia de Software/Projeto App Finance/fincontrol/vendor/laravel/framework/src/Illuminate/Cache/Console/ClearCommand.php(69): Illuminate/Cache/Repository->__call('flush', Array)
#7 C:/Users/felip/OneDrive/Documentos/Engenharia de Software/Projeto App Finance/fincontrol/vendor/laravel/framework/src/Illuminate/Container/BoundMethod.php(36): Illuminate/Cache/Console/ClearCommand->handle()
#8 C:/Users/felip/OneDrive/Documentos/Engenharia de Software/Projeto App Finance/fincontrol/vendor/laravel/framework/src/Illuminate/Container/Util.php(43): Illuminate/Container/BoundMethod::Illuminate/Container/{closure}()
#9 C:/Users/felip/OneDrive/Documentos/Engenharia de Software/Projeto App Finance/fincontrol/vendor/laravel/framework/src/Illuminate/Container/BoundMethod.php(95): Illuminate/Container/Util::unwrapIfClosure(Object(Closure))
#10 C:/Users/felip/OneDrive/Documentos/Engenharia de Software/Projeto App Finance/fincontrol/vendor/laravel/framework/src/Illuminate/Container/BoundMethod.php(35): Illuminate/Container/BoundMethod::callBoundMethod(Object(Illuminate/Foundation/Application), Array, Object(Closure))
#11 C:/Users/felip/OneDrive/Documentos/Engenharia de Software/Projeto App Finance/fincontrol/vendor/laravel/framework/src/Illuminate/Container/Container.php(696): Illuminate/Container/BoundMethod::call(Object(Illuminate/Foundation/Application), Array, Array, NULL)
#12 C:/Users/felip/OneDrive/Documentos/Engenharia de Software/Projeto App Finance/fincontrol/vendor/laravel/framework/src/Illuminate/Console/Command.php(213): Illuminate/Container/Container->call(Array)
#13 C:/Users/felip/OneDrive/Documentos/Engenharia de Software/Projeto App Finance/fincontrol/vendor/symfony/console/Command/Command.php(341): Illuminate/Console/Command->execute(Object(Symfony/Component/Console/Input/ArrayInput), Object(Illuminate/Console/OutputStyle))
#14 C:/Users/felip/OneDrive/Documentos/Engenharia de Software/Projeto App Finance/fincontrol/vendor/laravel/framework/src/Illuminate/Console/Command.php(182): Symfony/Component/Console/Command/Command->run(Object(Symfony/Component/Console/Input/ArrayInput), Object(Illuminate/Console/OutputStyle))
#15 C:/Users/felip/OneDrive/Documentos/Engenharia de Software/Projeto App Finance/fincontrol/vendor/laravel/framework/src/Illuminate/Console/Concerns/CallsCommands.php(68): Illuminate/Console/Command->run(Object(Symfony/Component/Console/Input/ArrayInput), Object(Symfony/Component/Console/Output/NullOutput))
#16 C:/Users/felip/OneDrive/Documentos/Engenharia de Software/Projeto App Finance/fincontrol/vendor/laravel/framework/src/Illuminate/Console/Concerns/CallsCommands.php(41): Illuminate/Console/Command->runCommand('cache:clear', Array, Object(Symfony/Component/Console/Output/NullOutput))
#17 C:/Users/felip/OneDrive/Documentos/Engenharia de Software/Projeto App Finance/fincontrol/vendor/laravel/framework/src/Illuminate/Console/Concerns/CallsCommands.php(53): Illuminate/Console/Command->callSilent('cache:clear', Array)
#18 C:/Users/felip/OneDrive/Documentos/Engenharia de Software/Projeto App Finance/fincontrol/vendor/laravel/framework/src/Illuminate/Foundation/Console/OptimizeClearCommand.php(48): Illuminate/Console/Command->callSilently('cache:clear')
#19 C:/Users/felip/OneDrive/Documentos/Engenharia de Software/Projeto App Finance/fincontrol/vendor/laravel/framework/src/Illuminate/Console/View/Components/Task.php(40): Illuminate/Foundation/Console/OptimizeClearCommand->Illuminate/Foundation/Console/{closure}()
#20 C:/Users/felip/OneDrive/Documentos/Engenharia de Software/Projeto App Finance/fincontrol/vendor/laravel/framework/src/Illuminate/Console/View/Components/Factory.php(60): Illuminate/Console/View/Components/Task->render('cache', Object(Closure))
#21 C:/Users/felip/OneDrive/Documentos/Engenharia de Software/Projeto App Finance/fincontrol/vendor/laravel/framework/src/Illuminate/Foundation/Console/OptimizeClearCommand.php(48): Illuminate/Console/View/Components/Factory->__call('task', Array)
#22 C:/Users/felip/OneDrive/Documentos/Engenharia de Software/Projeto App Finance/fincontrol/vendor/laravel/framework/src/Illuminate/Container/BoundMethod.php(36): Illuminate/Foundation/Console/OptimizeClearCommand->handle()
#23 C:/Users/felip/OneDrive/Documentos/Engenharia de Software/Projeto App Finance/fincontrol/vendor/laravel/framework/src/Illuminate/Container/Util.php(43): Illuminate/Container/BoundMethod::Illuminate/Container/{closure}()
#24 C:/Users/felip/OneDrive/Documentos/Engenharia de Software/Projeto App Finance/fincontrol/vendor/laravel/framework/src/Illuminate/Container/BoundMethod.php(95): Illuminate/Container/Util::unwrapIfClosure(Object(Closure))
#25 C:/Users/felip/OneDrive/Documentos/Engenharia de Software/Projeto App Finance/fincontrol/vendor/laravel/framework/src/Illuminate/Container/BoundMethod.php(35): Illuminate/Container/BoundMethod::callBoundMethod(Object(Illuminate/Foundation/Application), Array, Object(Closure))
#26 C:/Users/felip/OneDrive/Documentos/Engenharia de Software/Projeto App Finance/fincontrol/vendor/laravel/framework/src/Illuminate/Container/Container.php(696): Illuminate/Container/BoundMethod::call(Object(Illuminate/Foundation/Application), Array, Array, NULL)
#27 C:/Users/felip/OneDrive/Documentos/Engenharia de Software/Projeto App Finance/fincontrol/vendor/laravel/framework/src/Illuminate/Console/Command.php(213): Illuminate/Container/Container->call(Array)
#28 C:/Users/felip/OneDrive/Documentos/Engenharia de Software/Projeto App Finance/fincontrol/vendor/symfony/console/Command/Command.php(341): Illuminate/Console/Command->execute(Object(Symfony/Component/Console/Input/ArgvInput), Object(Illuminate/Console/OutputStyle))
#29 C:/Users/felip/OneDrive/Documentos/Engenharia de Software/Projeto App Finance/fincontrol/vendor/laravel/framework/src/Illuminate/Console/Command.php(182): Symfony/Component/Console/Command/Command->run(Object(Symfony/Component/Console/Input/ArgvInput), Object(Illuminate/Console/OutputStyle))
#30 C:/Users/felip/OneDrive/Documentos/Engenharia de Software/Projeto App Finance/fincontrol/vendor/symfony/console/Application.php(1117): Illuminate/Console/Command->run(Object(Symfony/Component/Console/Input/ArgvInput), Object(Symfony/Component/Console/Output/ConsoleOutput))
#31 C:/Users/felip/OneDrive/Documentos/Engenharia de Software/Projeto App Finance/fincontrol/vendor/symfony/console/Application.php(356): Symfony/Component/Console/Application->doRunCommand(Object(Illuminate/Foundation/Console/OptimizeClearCommand), Object(Symfony/Component/Console/Input/ArgvInput), Object(Symfony/Component/Console/Output/ConsoleOutput))
#32 C:/Users/felip/OneDrive/Documentos/Engenharia de Software/Projeto App Finance/fincontrol/vendor/symfony/console/Application.php(195): Symfony/Component/Console/Application->doRun(Object(Symfony/Component/Console/Input/ArgvInput), Object(Symfony/Component/Console/Output/ConsoleOutput))
#33 C:/Users/felip/OneDrive/Documentos/Engenharia de Software/Projeto App Finance/fincontrol/vendor/laravel/framework/src/Illuminate/Foundation/Console/Kernel.php(198): Symfony/Component/Console/Application->run(Object(Symfony/Component/Console/Input/ArgvInput), Object(Symfony/Component/Console/Output/ConsoleOutput))
#34 C:/Users/felip/OneDrive/Documentos/Engenharia de Software/Projeto App Finance/fincontrol/artisan(24): Illuminate/Foundation/Console/Kernel->handle(Object(Symfony/Component/Console/Input/ArgvInput), Object(Symfony/Component/Console/Output/ConsoleOutput))
#35 {main}

[previous exception] [object] (PDOException(code: 42S02): SQLSTATE[42S02]: Base table or view not found: 1146 Table 'fincontrol.cache' doesn't exist at C:/Users/felip/OneDrive/Documentos/Engenharia de Software/Projeto App Finance/fincontrol/vendor/laravel/framework/src/Illuminate/Database/Connection.php:592)
[stacktrace]
#0 C:/Users/felip/OneDrive/Documentos/Engenharia de Software/Projeto App Finance/fincontrol/vendor/laravel/framework/src/Illuminate/Database/Connection.php(592): PDO->prepare('delete from `ca...')
#1 C:/Users/felip/OneDrive/Documentos/Engenharia de Software/Projeto App Finance/fincontrol/vendor/laravel/framework/src/Illuminate/Database/Connection.php(812): Illuminate/Database/Connection->Illuminate/Database/{closure}('delete from `ca...', Array)
#2 C:/Users/felip/OneDrive/Documentos/Engenharia de Software/Projeto App Finance/fincontrol/vendor/laravel/framework/src/Illuminate/Database/Connection.php(779): Illuminate/Database/Connection->runQueryCallback('delete from `ca...', Array, Object(Closure))
#3 C:/Users/felip/OneDrive/Documentos/Engenharia de Software/Projeto App Finance/fincontrol/vendor/laravel/framework/src/Illuminate/Database/Connection.php(584): Illuminate/Database/Connection->run('delete from `ca...', Array, Object(Closure))
#4 C:/Users/felip/OneDrive/Documentos/Engenharia de Software/Projeto App Finance/fincontrol/vendor/laravel/framework/src/Illuminate/Database/Connection.php(548): Illuminate/Database/Connection->affectingStatement('delete from `ca...', Array)
#5 C:/Users/felip/OneDrive/Documentos/Engenharia de Software/Projeto App Finance/fincontrol/vendor/laravel/framework/src/Illuminate/Database/Query/Builder.php(4024): Illuminate/Database/Connection->delete('delete from `ca...', Array)
#6 C:/Users/felip/OneDrive/Documentos/Engenharia de Software/Projeto App Finance/fincontrol/vendor/laravel/framework/src/Illuminate/Cache/DatabaseStore.php(422): Illuminate/Database/Query/Builder->delete()
#7 C:/Users/felip/OneDrive/Documentos/Engenharia de Software/Projeto App Finance/fincontrol/vendor/laravel/framework/src/Illuminate/Cache/Repository.php(792): Illuminate/Cache/DatabaseStore->flush()
#8 C:/Users/felip/OneDrive/Documentos/Engenharia de Software/Projeto App Finance/fincontrol/vendor/laravel/framework/src/Illuminate/Cache/Console/ClearCommand.php(69): Illuminate/Cache/Repository->__call('flush', Array)
#9 C:/Users/felip/OneDrive/Documentos/Engenharia de Software/Projeto App Finance/fincontrol/vendor/laravel/framework/src/Illuminate/Container/BoundMethod.php(36): Illuminate/Cache/Console/ClearCommand->handle()
#10 C:/Users/felip/OneDrive/Documentos/Engenharia de Software/Projeto App Finance/fincontrol/vendor/laravel/framework/src/Illuminate/Container/Util.php(43): Illuminate/Container/BoundMethod::Illuminate/Container/{closure}()
#11 C:/Users/felip/OneDrive/Documentos/Engenharia de Software/Projeto App Finance/fincontrol/vendor/laravel/framework/src/Illuminate/Container/BoundMethod.php(95): Illuminate/Container/Util::unwrapIfClosure(Object(Closure))
#12 C:/Users/felip/OneDrive/Documentos/Engenharia de Software/Projeto App Finance/fincontrol/vendor/laravel/framework/src/Illuminate/Container/BoundMethod.php(35): Illuminate/Container/BoundMethod::callBoundMethod(Object(Illuminate/Foundation/Application), Array, Object(Closure))
#13 C:/Users/felip/OneDrive/Documentos/Engenharia de Software/Projeto App Finance/fincontrol/vendor/laravel/framework/src/Illuminate/Container/Container.php(696): Illuminate/Container/BoundMethod::call(Object(Illuminate/Foundation/Application), Array, Array, NULL)
#14 C:/Users/felip/OneDrive/Documentos/Engenharia de Software/Projeto App Finance/fincontrol/vendor/laravel/framework/src/Illuminate/Console/Command.php(213): Illuminate/Container/Container->call(Array)
#15 C:/Users/felip/OneDrive/Documentos/Engenharia de Software/Projeto App Finance/fincontrol/vendor/symfony/console/Command/Command.php(341): Illuminate/Console/Command->execute(Object(Symfony/Component/Console/Input/ArrayInput), Object(Illuminate/Console/OutputStyle))
#16 C:/Users/felip/OneDrive/Documentos/Engenharia de Software/Projeto App Finance/fincontrol/vendor/laravel/framework/src/Illuminate/Console/Command.php(182): Symfony/Component/Console/Command/Command->run(Object(Symfony/Component/Console/Input/ArrayInput), Object(Illuminate/Console/OutputStyle))
#17 C:/Users/felip/OneDrive/Documentos/Engenharia de Software/Projeto App Finance/fincontrol/vendor/laravel/framework/src/Illuminate/Console/Concerns/CallsCommands.php(68): Illuminate/Console/Command->run(Object(Symfony/Component/Console/Input/ArrayInput), Object(Symfony/Component/Console/Output/NullOutput))
#18 C:/Users/felip/OneDrive/Documentos/Engenharia de Software/Projeto App Finance/fincontrol/vendor/laravel/framework/src/Illuminate/Console/Concerns/CallsCommands.php(41): Illuminate/Console/Command->runCommand('cache:clear', Array, Object(Symfony/Component/Console/Output/NullOutput))
#19 C:/Users/felip/OneDrive/Documentos/Engenharia de Software/Projeto App Finance/fincontrol/vendor/laravel/framework/src/Illuminate/Console/Concerns/CallsCommands.php(53): Illuminate/Console/Command->callSilent('cache:clear', Array)
#20 C:/Users/felip/OneDrive/Documentos/Engenharia de Software/Projeto App Finance/fincontrol/vendor/laravel/framework/src/Illuminate/Foundation/Console/OptimizeClearCommand.php(48): Illuminate/Console/Command->callSilently('cache:clear')
#21 C:/Users/felip/OneDrive/Documentos/Engenharia de Software/Projeto App Finance/fincontrol/vendor/laravel/framework/src/Illuminate/Console/View/Components/Task.php(40): Illuminate/Foundation/Console/OptimizeClearCommand->Illuminate/Foundation/Console/{closure}()
#22 C:/Users/felip/OneDrive/Documentos/Engenharia de Software/Projeto App Finance/fincontrol/vendor/laravel/framework/src/Illuminate/Console/View/Components/Factory.php(60): Illuminate/Console/View/Components/Task->render('cache', Object(Closure))
#23 C:/Users/felip/OneDrive/Documentos/Engenharia de Software/Projeto App Finance/fincontrol/vendor/laravel/framework/src/Illuminate/Foundation/Console/OptimizeClearCommand.php(48): Illuminate/Console/View/Components/Factory->__call('task', Array)
#24 C:/Users/felip/OneDrive/Documentos/Engenharia de Software/Projeto App Finance/fincontrol/vendor/laravel/framework/src/Illuminate/Container/BoundMethod.php(36): Illuminate/Foundation/Console/OptimizeClearCommand->handle()
#25 C:/Users/felip/OneDrive/Documentos/Engenharia de Software/Projeto App Finance/fincontrol/vendor/laravel/framework/src/Illuminate/Container/Util.php(43): Illuminate/Container/BoundMethod::Illuminate/Container/{closure}()
#26 C:/Users/felip/OneDrive/Documentos/Engenharia de Software/Projeto App Finance/fincontrol/vendor/laravel/framework/src/Illuminate/Container/BoundMethod.php(95): Illuminate/Container/Util::unwrapIfClosure(Object(Closure))
#27 C:/Users/felip/OneDrive/Documentos/Engenharia de Software/Projeto App Finance/fincontrol/vendor/laravel/framework/src/Illuminate/Container/BoundMethod.php(35): Illuminate/Container/BoundMethod::callBoundMethod(Object(Illuminate/Foundation/Application), Array, Object(Closure))
#28 C:/Users/felip/OneDrive/Documentos/Engenharia de Software/Projeto App Finance/fincontrol/vendor/laravel/framework/src/Illuminate/Container/Container.php(696): Illuminate/Container/BoundMethod::call(Object(Illuminate/Foundation/Application), Array, Array, NULL)
#29 C:/Users/felip/OneDrive/Documentos/Engenharia de Software/Projeto App Finance/fincontrol/vendor/laravel/framework/src/Illuminate/Console/Command.php(213): Illuminate/Container/Container->call(Array)
#30 C:/Users/felip/OneDrive/Documentos/Engenharia de Software/Projeto App Finance/fincontrol/vendor/symfony/console/Command/Command.php(341): Illuminate/Console/Command->execute(Object(Symfony/Component/Console/Input/ArgvInput), Object(Illuminate/Console/OutputStyle))
#31 C:/Users/felip/OneDrive/Documentos/Engenharia de Software/Projeto App Finance/fincontrol/vendor/laravel/framework/src/Illuminate/Console/Command.php(182): Symfony/Component/Console/Command/Command->run(Object(Symfony/Component/Console/Input/ArgvInput), Object(Illuminate/Console/OutputStyle))
#32 C:/Users/felip/OneDrive/Documentos/Engenharia de Software/Projeto App Finance/fincontrol/vendor/symfony/console/Application.php(1117): Illuminate/Console/Command->run(Object(Symfony/Component/Console/Input/ArgvInput), Object(Symfony/Component/Console/Output/ConsoleOutput))
#33 C:/Users/felip/OneDrive/Documentos/Engenharia de Software/Projeto App Finance/fincontrol/vendor/symfony/console/Application.php(356): Symfony/Component/Console/Application->doRunCommand(Object(Illuminate/Foundation/Console/OptimizeClearCommand), Object(Symfony/Component/Console/Input/ArgvInput), Object(Symfony/Component/Console/Output/ConsoleOutput))
#34 C:/Users/felip/OneDrive/Documentos/Engenharia de Software/Projeto App Finance/fincontrol/vendor/symfony/console/Application.php(195): Symfony/Component/Console/Application->doRun(Object(Symfony/Component/Console/Input/ArgvInput), Object(Symfony/Component/Console/Output/ConsoleOutput))
#35 C:/Users/felip/OneDrive/Documentos/Engenharia de Software/Projeto App Finance/fincontrol/vendor/laravel/framework/src/Illuminate/Foundation/Console/Kernel.php(198): Symfony/Component/Console/Application->run(Object(Symfony/Component/Console/Input/ArgvInput), Object(Symfony/Component/Console/Output/ConsoleOutput))
#36 C:/Users/felip/OneDrive/Documentos/Engenharia de Software/Projeto App Finance/fincontrol/artisan(24): Illuminate/Foundation/Console/Kernel->handle(Object(Symfony/Component/Console/Input/ArgvInput), Object(Symfony/Component/Console/Output/ConsoleOutput))
#37 {main}
"} 
